This file contains any messages produced by compilers while
running configure, to aid debugging if configure makes a mistake.

It was created by arduinoLEDBlink configure 0.1.0, which was
generated by GNU Autoconf 2.69.  Invocation command line was

  $ /home/user/workspace/arduinoLEDBlink/configure --with-libtool-sysroot=/opt/iot-devkit/1.5.1/yocto/sysroots --host=i586-poky-linux --build=i586-linux --target=i586-poky-linux build_alias=i586-linux host_alias=i586-poky-linux target_alias=i586-poky-linux CC=i586-poky-linux-gcc  -m32 -march=i586 --sysroot=/opt/iot-devkit/1.5.1/yocto/sysroots/i586-poky-linux CFLAGS= -g -O0  --sysroot=/opt/iot-devkit/1.5.1/yocto/sysroots/i586-poky-linux LDFLAGS= --sysroot=/opt/iot-devkit/1.5.1/yocto/sysroots/i586-poky-linux CPPFLAGS= --sysroot=/opt/iot-devkit/1.5.1/yocto/sysroots/i586-poky-linux CPP=i586-poky-linux-gcc -E  -m32 -march=i586 --sysroot=/opt/iot-devkit/1.5.1/yocto/sysroots/i586-poky-linux CXX=i586-poky-linux-g++  -m32 -march=i586 --sysroot=/opt/iot-devkit/1.5.1/yocto/sysroots/i586-poky-linux CXXFLAGS= -g -O0  --sysroot=/opt/iot-devkit/1.5.1/yocto/sysroots/i586-poky-linux --no-create --no-recursion

## --------- ##
## Platform. ##
## --------- ##

hostname = debian
uname -m = i686
uname -r = 3.2.0-4-486
uname -s = Linux
uname -v = #1 Debian 3.2.51-1

/usr/bin/uname -p = unknown
/bin/uname -X     = unknown

/bin/arch              = unknown
/usr/bin/arch -k       = unknown
/usr/convex/getsysinfo = unknown
/usr/bin/hostinfo      = unknown
/bin/machine           = unknown
/usr/bin/oslevel       = unknown
/bin/universe          = unknown

PATH: /opt/iot-devkit/1.5.1/yocto/sysroots/i586-pokysdk-linux/usr/bin
PATH: /opt/iot-devkit/1.5.1/yocto/sysroots/i586-pokysdk-linux/usr/bin/i586-poky-linux
PATH: /usr/local/bin
PATH: /usr/bin
PATH: /bin
PATH: /usr/local/games
PATH: /usr/games


## ----------- ##
## Core tests. ##
## ----------- ##

configure:2278: checking for a BSD-compatible install
configure:2346: result: /usr/bin/install -c
configure:2357: checking whether build environment is sane
configure:2412: result: yes
configure:2471: checking for i586-poky-linux-strip
configure:2498: result: i586-poky-linux-strip
configure:2563: checking for a thread-safe mkdir -p
configure:2602: result: /bin/mkdir -p
configure:2609: checking for gawk
configure:2625: found /usr/bin/gawk
configure:2636: result: gawk
configure:2647: checking whether make sets $(MAKE)
configure:2669: result: yes
configure:2693: error: source directory already configured; run "make distclean" there first

## ---------------- ##
## Cache variables. ##
## ---------------- ##

ac_cv_env_CCC_set=
ac_cv_env_CCC_value=
ac_cv_env_CC_set=set
ac_cv_env_CC_value='i586-poky-linux-gcc  -m32 -march=i586 --sysroot=/opt/iot-devkit/1.5.1/yocto/sysroots/i586-poky-linux'
ac_cv_env_CFLAGS_set=set
ac_cv_env_CFLAGS_value=' -g -O0  --sysroot=/opt/iot-devkit/1.5.1/yocto/sysroots/i586-poky-linux'
ac_cv_env_CPPFLAGS_set=set
ac_cv_env_CPPFLAGS_value=' --sysroot=/opt/iot-devkit/1.5.1/yocto/sysroots/i586-poky-linux'
ac_cv_env_CPP_set=set
ac_cv_env_CPP_value='i586-poky-linux-gcc -E  -m32 -march=i586 --sysroot=/opt/iot-devkit/1.5.1/yocto/sysroots/i586-poky-linux'
ac_cv_env_CXXCPP_set=
ac_cv_env_CXXCPP_value=
ac_cv_env_CXXFLAGS_set=set
ac_cv_env_CXXFLAGS_value=' -g -O0  --sysroot=/opt/iot-devkit/1.5.1/yocto/sysroots/i586-poky-linux'
ac_cv_env_CXX_set=set
ac_cv_env_CXX_value='i586-poky-linux-g++  -m32 -march=i586 --sysroot=/opt/iot-devkit/1.5.1/yocto/sysroots/i586-poky-linux'
ac_cv_env_LDFLAGS_set=set
ac_cv_env_LDFLAGS_value=' --sysroot=/opt/iot-devkit/1.5.1/yocto/sysroots/i586-poky-linux'
ac_cv_env_LIBS_set=
ac_cv_env_LIBS_value=
ac_cv_env_build_alias_set=set
ac_cv_env_build_alias_value=i586-linux
ac_cv_env_host_alias_set=set
ac_cv_env_host_alias_value=i586-poky-linux
ac_cv_env_target_alias_set=set
ac_cv_env_target_alias_value=i586-poky-linux
ac_cv_path_install='/usr/bin/install -c'
ac_cv_path_mkdir=/bin/mkdir
ac_cv_prog_AWK=gawk
ac_cv_prog_STRIP=i586-poky-linux-strip
ac_cv_prog_make_make_set=yes

## ----------------- ##
## Output variables. ##
## ----------------- ##

ACLOCAL=''
AMDEPBACKSLASH=''
AMDEP_FALSE=''
AMDEP_TRUE=''
AMTAR=''
AR='i586-poky-linux-ar'
AUTOCONF=''
AUTOHEADER=''
AUTOMAKE=''
AWK='gawk'
CC='i586-poky-linux-gcc  -m32 -march=i586 --sysroot=/opt/iot-devkit/1.5.1/yocto/sysroots/i586-poky-linux'
CCDEPMODE=''
CFLAGS=' -g -O0  --sysroot=/opt/iot-devkit/1.5.1/yocto/sysroots/i586-poky-linux'
CPP='i586-poky-linux-gcc -E  -m32 -march=i586 --sysroot=/opt/iot-devkit/1.5.1/yocto/sysroots/i586-poky-linux'
CPPFLAGS=' --sysroot=/opt/iot-devkit/1.5.1/yocto/sysroots/i586-poky-linux'
CXX='i586-poky-linux-g++  -m32 -march=i586 --sysroot=/opt/iot-devkit/1.5.1/yocto/sysroots/i586-poky-linux'
CXXCPP=''
CXXDEPMODE=''
CXXFLAGS=' -g -O0  --sysroot=/opt/iot-devkit/1.5.1/yocto/sysroots/i586-poky-linux'
CYGPATH_W=''
DEFS=''
DEPDIR=''
DLLTOOL=''
DSYMUTIL=''
DUMPBIN=''
ECHO_C=''
ECHO_N='-n'
ECHO_T=''
EGREP=''
EXEEXT=''
FGREP=''
GREP=''
INSTALL_DATA='${INSTALL} -m 644'
INSTALL_PROGRAM='${INSTALL}'
INSTALL_SCRIPT='${INSTALL}'
INSTALL_STRIP_PROGRAM='$(install_sh) -c -s'
LD='i586-poky-linux-ld   --sysroot=/opt/iot-devkit/1.5.1/yocto/sysroots/i586-poky-linux'
LDFLAGS=' --sysroot=/opt/iot-devkit/1.5.1/yocto/sysroots/i586-poky-linux'
LIBOBJS=''
LIBS=''
LIBTOOL=''
LIPO=''
LN_S=''
LTLIBOBJS=''
MAKEINFO=''
MANIFEST_TOOL=''
MKDIR_P='/bin/mkdir -p'
NM='i586-poky-linux-nm'
NMEDIT=''
OBJDUMP='i586-poky-linux-objdump'
OBJEXT=''
OTOOL64=''
OTOOL=''
PACKAGE=''
PACKAGE_BUGREPORT=''
PACKAGE_NAME='arduinoLEDBlink'
PACKAGE_STRING='arduinoLEDBlink 0.1.0'
PACKAGE_TARNAME='arduinoledblink'
PACKAGE_URL=''
PACKAGE_VERSION='0.1.0'
PATH_SEPARATOR=':'
RANLIB='i586-poky-linux-ranlib'
SED=''
SET_MAKE=''
SHELL='/bin/bash'
STRIP='i586-poky-linux-strip'
VERSION=''
ac_ct_AR=''
ac_ct_CC=''
ac_ct_CXX=''
ac_ct_DUMPBIN=''
am__EXEEXT_FALSE=''
am__EXEEXT_TRUE=''
am__fastdepCC_FALSE=''
am__fastdepCC_TRUE=''
am__fastdepCXX_FALSE=''
am__fastdepCXX_TRUE=''
am__include=''
am__isrc=' -I$(srcdir)'
am__leading_dot='.'
am__nodep=''
am__quote=''
am__tar=''
am__untar=''
arduinoLEDBlink_CFLAGS=''
arduinoLEDBlink_LIBS=''
bindir='${exec_prefix}/bin'
build='i586-linux'
build_alias='i586-linux'
build_cpu=''
build_os=''
build_vendor=''
datadir='${datarootdir}'
datarootdir='${prefix}/share'
docdir='${datarootdir}/doc/${PACKAGE_TARNAME}'
dvidir='${docdir}'
exec_prefix='NONE'
host='i586-poky-linux'
host_alias='i586-poky-linux'
host_cpu=''
host_os=''
host_vendor=''
htmldir='${docdir}'
includedir='${prefix}/include'
infodir='${datarootdir}/info'
install_sh='${SHELL} /home/user/workspace/arduinoLEDBlink/install-sh'
libdir='${exec_prefix}/lib'
libexecdir='${exec_prefix}/libexec'
localedir='${datarootdir}/locale'
localstatedir='${prefix}/var'
mandir='${datarootdir}/man'
mkdir_p=''
oldincludedir='/usr/include'
pdfdir='${docdir}'
prefix='NONE'
program_transform_name='s,x,x,'
psdir='${docdir}'
sbindir='${exec_prefix}/sbin'
sharedstatedir='${prefix}/com'
sysconfdir='${prefix}/etc'
target_alias='i586-poky-linux'

## ----------- ##
## confdefs.h. ##
## ----------- ##

/* confdefs.h */
#define PACKAGE_NAME "arduinoLEDBlink"
#define PACKAGE_TARNAME "arduinoledblink"
#define PACKAGE_VERSION "0.1.0"
#define PACKAGE_STRING "arduinoLEDBlink 0.1.0"
#define PACKAGE_BUGREPORT ""
#define PACKAGE_URL ""

configure: exit 1
