This file contains any messages produced by compilers while
running configure, to aid debugging if configure makes a mistake.

It was created by mashery configure 0.1.0, which was
generated by GNU Autoconf 2.69.  Invocation command line was

  $ ./configure --with-libtool-sysroot=/opt/iot-devkit/1.5.1/yocto/sysroots --target=i586-poky-linux --host=i586-poky-linux --build=i586-linux --with-libtool-sysroot=/opt/iot-devkit/1.5.1/yocto/sysroots/i586-poky-linux

## --------- ##
## Platform. ##
## --------- ##

hostname = debian
uname -m = i686
uname -r = 3.2.0-4-486
uname -s = Linux
uname -v = #1 Debian 3.2.51-1

/usr/bin/uname -p = unknown
/bin/uname -X     = unknown

/bin/arch              = unknown
/usr/bin/arch -k       = unknown
/usr/convex/getsysinfo = unknown
/usr/bin/hostinfo      = unknown
/bin/machine           = unknown
/usr/bin/oslevel       = unknown
/bin/universe          = unknown

PATH: /opt/iot-devkit/1.5.1/yocto/sysroots/i586-pokysdk-linux/usr/bin
PATH: /opt/iot-devkit/1.5.1/yocto/sysroots/i586-pokysdk-linux/usr/bin/i586-poky-linux
PATH: /usr/local/bin
PATH: /usr/bin
PATH: /bin
PATH: /usr/local/games
PATH: /usr/games


## ----------- ##
## Core tests. ##
## ----------- ##

configure:2143: checking for a BSD-compatible install
configure:2211: result: /usr/bin/install -c
configure:2222: checking whether build environment is sane
configure:2277: result: yes
configure:2336: checking for i586-poky-linux-strip
configure:2363: result: i586-poky-linux-strip
configure:2428: checking for a thread-safe mkdir -p
configure:2467: result: /bin/mkdir -p
configure:2474: checking for gawk
configure:2490: found /usr/bin/gawk
configure:2501: result: gawk
configure:2512: checking whether make sets $(MAKE)
configure:2534: result: yes
configure:2654: checking build system type
configure:2668: result: i586-pc-linux-gnu
configure:2688: checking host system type
configure:2701: result: i586-poky-linux-gnu
configure:2742: checking how to print strings
configure:2769: result: printf
configure:2802: checking for style of include used by make
configure:2830: result: GNU
configure:2861: checking for i586-poky-linux-gcc
configure:2888: result: i586-poky-linux-gcc  -m32 -march=i586 --sysroot=/opt/iot-devkit/1.5.1/yocto/sysroots/i586-poky-linux
configure:3157: checking for C compiler version
configure:3166: i586-poky-linux-gcc  -m32 -march=i586 --sysroot=/opt/iot-devkit/1.5.1/yocto/sysroots/i586-poky-linux --version >&5
i586-poky-linux-gcc (GCC) 4.8.1
Copyright (C) 2013 Free Software Foundation, Inc.
This is free software; see the source for copying conditions.  There is NO
warranty; not even for MERCHANTABILITY or FITNESS FOR A PARTICULAR PURPOSE.

configure:3177: $? = 0
configure:3166: i586-poky-linux-gcc  -m32 -march=i586 --sysroot=/opt/iot-devkit/1.5.1/yocto/sysroots/i586-poky-linux -v >&5
Using built-in specs.
COLLECT_GCC=i586-poky-linux-gcc
COLLECT_LTO_WRAPPER=/opt/iot-devkit/1.5.1/yocto/sysroots/i586-pokysdk-linux/usr/bin/i586-poky-linux/../../libexec/i586-poky-linux/gcc/i586-poky-linux/4.8.1/lto-wrapper
Target: i586-poky-linux
Configured with: /gold/galileo/devkit/yocto-devkit/build-devkit/tmp/work-shared/gcc-4.8.1-r0/gcc-4.8.1/configure --build=x86_64-linux --host=i586-pokysdk-linux --target=i586-poky-linux --prefix=/opt/iot-devkit/1.5.1/sysroots/i586-pokysdk-linux/usr --exec_prefix=/opt/iot-devkit/1.5.1/sysroots/i586-pokysdk-linux/usr --bindir=/opt/iot-devkit/1.5.1/sysroots/i586-pokysdk-linux/usr/bin/i586-poky-linux --sbindir=/opt/iot-devkit/1.5.1/sysroots/i586-pokysdk-linux/usr/bin/i586-poky-linux --libexecdir=/opt/iot-devkit/1.5.1/sysroots/i586-pokysdk-linux/usr/libexec/i586-poky-linux --datadir=/opt/iot-devkit/1.5.1/sysroots/i586-pokysdk-linux/usr/share --sysconfdir=/opt/iot-devkit/1.5.1/sysroots/i586-pokysdk-linux/etc --sharedstatedir=/opt/iot-devkit/1.5.1/sysroots/i586-pokysdk-linux/com --localstatedir=/opt/iot-devkit/1.5.1/sysroots/i586-pokysdk-linux/var --libdir=/opt/iot-devkit/1.5.1/sysroots/i586-pokysdk-linux/usr/lib/i586-poky-linux --includedir=/opt/iot-devkit/1.5.1/sysroots/i586-pokysdk-linux/usr/include --oldincludedir=/opt/iot-devkit/1.5.1/sysroots/i586-pokysdk-linux/usr/include --infodir=/opt/iot-devkit/1.5.1/sysroots/i586-pokysdk-linux/usr/share/info --mandir=/opt/iot-devkit/1.5.1/sysroots/i586-pokysdk-linux/usr/share/man --disable-silent-rules --disable-dependency-tracking --with-libtool-sysroot=/gold/galileo/devkit/yocto-devkit/build-devkit/tmp/sysroots/i586-nativesdk-pokysdk-linux --with-gnu-ld --enable-shared --enable-languages=c,c++ --enable-threads=posix --enable-multilib --enable-c99 --enable-long-long --enable-symvers=gnu --enable-libstdcxx-pch --program-prefix=i586-poky-linux- --without-local-prefix --enable-target-optspace --enable-lto --enable-libssp --disable-bootstrap --disable-libmudflap --with-system-zlib --with-linker-hash-style=gnu --enable-linker-build-id --with-ppl=no --with-cloog=no --enable-checking=release --enable-cheaders=c_global --with-gxx-include-dir=/opt/iot-devkit/1.5.1/sysroots/i586-poky-linux/usr/include/c++ --with-build-time-tools=/gold/galileo/devkit/yocto-devkit/build-devkit/tmp/sysroots/x86_64-linux/usr/i586-poky-linux/bin --with-sysroot=/opt/iot-devkit/1.5.1/sysroots/i586-poky-linux --with-build-sysroot=/gold/galileo/devkit/yocto-devkit/build-devkit/tmp/sysroots/clanton --enable-targets=all --disable-libunwind-exceptions --disable-libssp --disable-libgomp --disable-libmudflap --with-mpfr=/gold/galileo/devkit/yocto-devkit/build-devkit/tmp/sysroots/i586-nativesdk-pokysdk-linux --with-mpc=/gold/galileo/devkit/yocto-devkit/build-devkit/tmp/sysroots/i586-nativesdk-pokysdk-linux --enable-nls --enable-__cxa_atexit
Thread model: posix
gcc version 4.8.1 (GCC) 
configure:3177: $? = 0
configure:3166: i586-poky-linux-gcc  -m32 -march=i586 --sysroot=/opt/iot-devkit/1.5.1/yocto/sysroots/i586-poky-linux -V >&5
i586-poky-linux-gcc: error: unrecognized command line option '-V'
i586-poky-linux-gcc: fatal error: no input files
compilation terminated.
configure:3177: $? = 1
configure:3166: i586-poky-linux-gcc  -m32 -march=i586 --sysroot=/opt/iot-devkit/1.5.1/yocto/sysroots/i586-poky-linux -qversion >&5
i586-poky-linux-gcc: error: unrecognized command line option '-qversion'
i586-poky-linux-gcc: fatal error: no input files
compilation terminated.
configure:3177: $? = 1
configure:3197: checking whether the C compiler works
configure:3219: i586-poky-linux-gcc  -m32 -march=i586 --sysroot=/opt/iot-devkit/1.5.1/yocto/sysroots/i586-poky-linux  -g -O0  --sysroot=/opt/iot-devkit/1.5.1/yocto/sysroots/i586-poky-linux  --sysroot=/opt/iot-devkit/1.5.1/yocto/sysroots/i586-poky-linux  --sysroot=/opt/iot-devkit/1.5.1/yocto/sysroots/i586-poky-linux conftest.c  >&5
configure:3223: $? = 0
configure:3271: result: yes
configure:3274: checking for C compiler default output file name
configure:3276: result: a.out
configure:3282: checking for suffix of executables
configure:3289: i586-poky-linux-gcc  -m32 -march=i586 --sysroot=/opt/iot-devkit/1.5.1/yocto/sysroots/i586-poky-linux -o conftest  -g -O0  --sysroot=/opt/iot-devkit/1.5.1/yocto/sysroots/i586-poky-linux  --sysroot=/opt/iot-devkit/1.5.1/yocto/sysroots/i586-poky-linux  --sysroot=/opt/iot-devkit/1.5.1/yocto/sysroots/i586-poky-linux conftest.c  >&5
configure:3293: $? = 0
configure:3315: result: 
configure:3337: checking whether we are cross compiling
configure:3375: result: yes
configure:3380: checking for suffix of object files
configure:3402: i586-poky-linux-gcc  -m32 -march=i586 --sysroot=/opt/iot-devkit/1.5.1/yocto/sysroots/i586-poky-linux -c  -g -O0  --sysroot=/opt/iot-devkit/1.5.1/yocto/sysroots/i586-poky-linux  --sysroot=/opt/iot-devkit/1.5.1/yocto/sysroots/i586-poky-linux conftest.c >&5
configure:3406: $? = 0
configure:3427: result: o
configure:3431: checking whether we are using the GNU C compiler
configure:3450: i586-poky-linux-gcc  -m32 -march=i586 --sysroot=/opt/iot-devkit/1.5.1/yocto/sysroots/i586-poky-linux -c  -g -O0  --sysroot=/opt/iot-devkit/1.5.1/yocto/sysroots/i586-poky-linux  --sysroot=/opt/iot-devkit/1.5.1/yocto/sysroots/i586-poky-linux conftest.c >&5
configure:3450: $? = 0
configure:3459: result: yes
configure:3468: checking whether i586-poky-linux-gcc  -m32 -march=i586 --sysroot=/opt/iot-devkit/1.5.1/yocto/sysroots/i586-poky-linux accepts -g
configure:3488: i586-poky-linux-gcc  -m32 -march=i586 --sysroot=/opt/iot-devkit/1.5.1/yocto/sysroots/i586-poky-linux -c -g  --sysroot=/opt/iot-devkit/1.5.1/yocto/sysroots/i586-poky-linux conftest.c >&5
configure:3488: $? = 0
configure:3529: result: yes
configure:3546: checking for i586-poky-linux-gcc  -m32 -march=i586 --sysroot=/opt/iot-devkit/1.5.1/yocto/sysroots/i586-poky-linux option to accept ISO C89
configure:3609: i586-poky-linux-gcc  -m32 -march=i586 --sysroot=/opt/iot-devkit/1.5.1/yocto/sysroots/i586-poky-linux  -c  -g -O0  --sysroot=/opt/iot-devkit/1.5.1/yocto/sysroots/i586-poky-linux  --sysroot=/opt/iot-devkit/1.5.1/yocto/sysroots/i586-poky-linux conftest.c >&5
configure:3609: $? = 0
configure:3622: result: none needed
configure:3644: checking dependency style of i586-poky-linux-gcc  -m32 -march=i586 --sysroot=/opt/iot-devkit/1.5.1/yocto/sysroots/i586-poky-linux
configure:3755: result: gcc3
configure:3770: checking for a sed that does not truncate output
configure:3834: result: /bin/sed
configure:3852: checking for grep that handles long lines and -e
configure:3910: result: /bin/grep
configure:3915: checking for egrep
configure:3977: result: /bin/grep -E
configure:3982: checking for fgrep
configure:4044: result: /bin/grep -F
configure:4079: checking for ld used by i586-poky-linux-gcc  -m32 -march=i586 --sysroot=/opt/iot-devkit/1.5.1/yocto/sysroots/i586-poky-linux
configure:4146: result: i586-poky-linux-ld   --sysroot=/opt/iot-devkit/1.5.1/yocto/sysroots/i586-poky-linux
configure:4153: checking if the linker (i586-poky-linux-ld   --sysroot=/opt/iot-devkit/1.5.1/yocto/sysroots/i586-poky-linux) is GNU ld
configure:4168: result: yes
configure:4180: checking for BSD- or MS-compatible name lister (nm)
configure:4229: result: i586-poky-linux-nm
configure:4359: checking the name lister (i586-poky-linux-nm) interface
configure:4366: i586-poky-linux-gcc  -m32 -march=i586 --sysroot=/opt/iot-devkit/1.5.1/yocto/sysroots/i586-poky-linux -c  -g -O0  --sysroot=/opt/iot-devkit/1.5.1/yocto/sysroots/i586-poky-linux  --sysroot=/opt/iot-devkit/1.5.1/yocto/sysroots/i586-poky-linux conftest.c >&5
configure:4369: i586-poky-linux-nm "conftest.o"
configure:4372: output
00000000 B some_variable
configure:4379: result: BSD nm
configure:4382: checking whether ln -s works
configure:4386: result: yes
configure:4394: checking the maximum length of command line arguments
configure:4524: result: 1572864
configure:4541: checking whether the shell understands some XSI constructs
configure:4551: result: yes
configure:4555: checking whether the shell understands "+="
configure:4561: result: yes
configure:4596: checking how to convert i586-pc-linux-gnu file names to i586-poky-linux-gnu format
configure:4636: result: func_convert_file_noop
configure:4643: checking how to convert i586-pc-linux-gnu file names to toolchain format
configure:4663: result: func_convert_file_noop
configure:4670: checking for i586-poky-linux-ld   --sysroot=/opt/iot-devkit/1.5.1/yocto/sysroots/i586-poky-linux option to reload object files
configure:4677: result: -r
configure:4711: checking for i586-poky-linux-objdump
configure:4738: result: i586-poky-linux-objdump
configure:4810: checking how to recognize dependent libraries
configure:5012: result: pass_all
configure:5057: checking for i586-poky-linux-dlltool
configure:5087: result: no
configure:5097: checking for dlltool
configure:5127: result: no
configure:5157: checking how to associate runtime and link libraries
configure:5184: result: printf %s\n
configure:5201: checking for i586-poky-linux-ar
configure:5228: result: i586-poky-linux-ar
configure:5309: checking for archiver @FILE support
configure:5326: i586-poky-linux-gcc  -m32 -march=i586 --sysroot=/opt/iot-devkit/1.5.1/yocto/sysroots/i586-poky-linux -c  -g -O0  --sysroot=/opt/iot-devkit/1.5.1/yocto/sysroots/i586-poky-linux  --sysroot=/opt/iot-devkit/1.5.1/yocto/sysroots/i586-poky-linux conftest.c >&5
configure:5326: $? = 0
configure:5329: i586-poky-linux-ar cru libconftest.a @conftest.lst >&5
configure:5332: $? = 0
configure:5337: i586-poky-linux-ar cru libconftest.a @conftest.lst >&5
i586-poky-linux-ar: conftest.o: No such file or directory
configure:5340: $? = 1
configure:5352: result: @
configure:5370: checking for i586-poky-linux-strip
configure:5397: result: i586-poky-linux-strip
configure:5469: checking for i586-poky-linux-ranlib
configure:5496: result: i586-poky-linux-ranlib
configure:5638: checking command to parse i586-poky-linux-nm output from i586-poky-linux-gcc  -m32 -march=i586 --sysroot=/opt/iot-devkit/1.5.1/yocto/sysroots/i586-poky-linux object
configure:5758: i586-poky-linux-gcc  -m32 -march=i586 --sysroot=/opt/iot-devkit/1.5.1/yocto/sysroots/i586-poky-linux -c  -g -O0  --sysroot=/opt/iot-devkit/1.5.1/yocto/sysroots/i586-poky-linux  --sysroot=/opt/iot-devkit/1.5.1/yocto/sysroots/i586-poky-linux conftest.c >&5
configure:5761: $? = 0
configure:5765: i586-poky-linux-nm conftest.o \| sed -n -e 's/^.*[ ]\([ABCDGIRSTW][ABCDGIRSTW]*\)[ ][ ]*\([_A-Za-z][_A-Za-z0-9]*\)$/\1 \2 \2/p' | sed '/ __gnu_lto/d' \> conftest.nm
configure:5768: $? = 0
configure:5834: i586-poky-linux-gcc  -m32 -march=i586 --sysroot=/opt/iot-devkit/1.5.1/yocto/sysroots/i586-poky-linux -o conftest  -g -O0  --sysroot=/opt/iot-devkit/1.5.1/yocto/sysroots/i586-poky-linux  --sysroot=/opt/iot-devkit/1.5.1/yocto/sysroots/i586-poky-linux  --sysroot=/opt/iot-devkit/1.5.1/yocto/sysroots/i586-poky-linux conftest.c conftstm.o >&5
configure:5837: $? = 0
configure:5875: result: ok
configure:5912: checking for sysroot
configure:5947: result: /opt/iot-devkit/1.5.1/yocto/sysroots/i586-poky-linux
configure:6163: checking for i586-poky-linux-mt
configure:6193: result: no
configure:6203: checking for mt
configure:6219: found /bin/mt
configure:6230: result: mt
configure:6242: WARNING: using cross tools not prefixed with host triplet
configure:6253: checking if mt is a manifest tool
configure:6259: mt '-?'
configure:6267: result: no
configure:6909: checking how to run the C preprocessor
configure:6979: result: i586-poky-linux-gcc -E  -m32 -march=i586 --sysroot=/opt/iot-devkit/1.5.1/yocto/sysroots/i586-poky-linux
configure:6999: i586-poky-linux-gcc -E  -m32 -march=i586 --sysroot=/opt/iot-devkit/1.5.1/yocto/sysroots/i586-poky-linux  --sysroot=/opt/iot-devkit/1.5.1/yocto/sysroots/i586-poky-linux conftest.c
configure:6999: $? = 0
configure:7013: i586-poky-linux-gcc -E  -m32 -march=i586 --sysroot=/opt/iot-devkit/1.5.1/yocto/sysroots/i586-poky-linux  --sysroot=/opt/iot-devkit/1.5.1/yocto/sysroots/i586-poky-linux conftest.c
conftest.c:11:28: fatal error: ac_nonexistent.h: No such file or directory
 #include <ac_nonexistent.h>
                            ^
compilation terminated.
configure:7013: $? = 1
configure: failed program was:
| /* confdefs.h */
| #define PACKAGE_NAME "mashery"
| #define PACKAGE_TARNAME "mashery"
| #define PACKAGE_VERSION "0.1.0"
| #define PACKAGE_STRING "mashery 0.1.0"
| #define PACKAGE_BUGREPORT ""
| #define PACKAGE_URL ""
| #define PACKAGE "mashery"
| #define VERSION "0.1.0"
| /* end confdefs.h.  */
| #include <ac_nonexistent.h>
configure:7042: checking for ANSI C header files
configure:7062: i586-poky-linux-gcc  -m32 -march=i586 --sysroot=/opt/iot-devkit/1.5.1/yocto/sysroots/i586-poky-linux -c  -g -O0  --sysroot=/opt/iot-devkit/1.5.1/yocto/sysroots/i586-poky-linux  --sysroot=/opt/iot-devkit/1.5.1/yocto/sysroots/i586-poky-linux conftest.c >&5
configure:7062: $? = 0
configure:7146: result: yes
configure:7159: checking for sys/types.h
configure:7159: i586-poky-linux-gcc  -m32 -march=i586 --sysroot=/opt/iot-devkit/1.5.1/yocto/sysroots/i586-poky-linux -c  -g -O0  --sysroot=/opt/iot-devkit/1.5.1/yocto/sysroots/i586-poky-linux  --sysroot=/opt/iot-devkit/1.5.1/yocto/sysroots/i586-poky-linux conftest.c >&5
configure:7159: $? = 0
configure:7159: result: yes
configure:7159: checking for sys/stat.h
configure:7159: i586-poky-linux-gcc  -m32 -march=i586 --sysroot=/opt/iot-devkit/1.5.1/yocto/sysroots/i586-poky-linux -c  -g -O0  --sysroot=/opt/iot-devkit/1.5.1/yocto/sysroots/i586-poky-linux  --sysroot=/opt/iot-devkit/1.5.1/yocto/sysroots/i586-poky-linux conftest.c >&5
configure:7159: $? = 0
configure:7159: result: yes
configure:7159: checking for stdlib.h
configure:7159: i586-poky-linux-gcc  -m32 -march=i586 --sysroot=/opt/iot-devkit/1.5.1/yocto/sysroots/i586-poky-linux -c  -g -O0  --sysroot=/opt/iot-devkit/1.5.1/yocto/sysroots/i586-poky-linux  --sysroot=/opt/iot-devkit/1.5.1/yocto/sysroots/i586-poky-linux conftest.c >&5
configure:7159: $? = 0
configure:7159: result: yes
configure:7159: checking for string.h
configure:7159: i586-poky-linux-gcc  -m32 -march=i586 --sysroot=/opt/iot-devkit/1.5.1/yocto/sysroots/i586-poky-linux -c  -g -O0  --sysroot=/opt/iot-devkit/1.5.1/yocto/sysroots/i586-poky-linux  --sysroot=/opt/iot-devkit/1.5.1/yocto/sysroots/i586-poky-linux conftest.c >&5
configure:7159: $? = 0
configure:7159: result: yes
configure:7159: checking for memory.h
configure:7159: i586-poky-linux-gcc  -m32 -march=i586 --sysroot=/opt/iot-devkit/1.5.1/yocto/sysroots/i586-poky-linux -c  -g -O0  --sysroot=/opt/iot-devkit/1.5.1/yocto/sysroots/i586-poky-linux  --sysroot=/opt/iot-devkit/1.5.1/yocto/sysroots/i586-poky-linux conftest.c >&5
configure:7159: $? = 0
configure:7159: result: yes
configure:7159: checking for strings.h
configure:7159: i586-poky-linux-gcc  -m32 -march=i586 --sysroot=/opt/iot-devkit/1.5.1/yocto/sysroots/i586-poky-linux -c  -g -O0  --sysroot=/opt/iot-devkit/1.5.1/yocto/sysroots/i586-poky-linux  --sysroot=/opt/iot-devkit/1.5.1/yocto/sysroots/i586-poky-linux conftest.c >&5
configure:7159: $? = 0
configure:7159: result: yes
configure:7159: checking for inttypes.h
configure:7159: i586-poky-linux-gcc  -m32 -march=i586 --sysroot=/opt/iot-devkit/1.5.1/yocto/sysroots/i586-poky-linux -c  -g -O0  --sysroot=/opt/iot-devkit/1.5.1/yocto/sysroots/i586-poky-linux  --sysroot=/opt/iot-devkit/1.5.1/yocto/sysroots/i586-poky-linux conftest.c >&5
configure:7159: $? = 0
configure:7159: result: yes
configure:7159: checking for stdint.h
configure:7159: i586-poky-linux-gcc  -m32 -march=i586 --sysroot=/opt/iot-devkit/1.5.1/yocto/sysroots/i586-poky-linux -c  -g -O0  --sysroot=/opt/iot-devkit/1.5.1/yocto/sysroots/i586-poky-linux  --sysroot=/opt/iot-devkit/1.5.1/yocto/sysroots/i586-poky-linux conftest.c >&5
configure:7159: $? = 0
configure:7159: result: yes
configure:7159: checking for unistd.h
configure:7159: i586-poky-linux-gcc  -m32 -march=i586 --sysroot=/opt/iot-devkit/1.5.1/yocto/sysroots/i586-poky-linux -c  -g -O0  --sysroot=/opt/iot-devkit/1.5.1/yocto/sysroots/i586-poky-linux  --sysroot=/opt/iot-devkit/1.5.1/yocto/sysroots/i586-poky-linux conftest.c >&5
configure:7159: $? = 0
configure:7159: result: yes
configure:7173: checking for dlfcn.h
configure:7173: i586-poky-linux-gcc  -m32 -march=i586 --sysroot=/opt/iot-devkit/1.5.1/yocto/sysroots/i586-poky-linux -c  -g -O0  --sysroot=/opt/iot-devkit/1.5.1/yocto/sysroots/i586-poky-linux  --sysroot=/opt/iot-devkit/1.5.1/yocto/sysroots/i586-poky-linux conftest.c >&5
configure:7173: $? = 0
configure:7173: result: yes
configure:7380: checking for objdir
configure:7395: result: .libs
configure:7662: checking if i586-poky-linux-gcc  -m32 -march=i586 --sysroot=/opt/iot-devkit/1.5.1/yocto/sysroots/i586-poky-linux supports -fno-rtti -fno-exceptions
configure:7680: i586-poky-linux-gcc  -m32 -march=i586 --sysroot=/opt/iot-devkit/1.5.1/yocto/sysroots/i586-poky-linux -c  -g -O0  --sysroot=/opt/iot-devkit/1.5.1/yocto/sysroots/i586-poky-linux  --sysroot=/opt/iot-devkit/1.5.1/yocto/sysroots/i586-poky-linux -fno-rtti -fno-exceptions conftest.c >&5
cc1: warning: command line option '-fno-rtti' is valid for C++/ObjC++ but not for C [enabled by default]
configure:7684: $? = 0
configure:7697: result: no
configure:8024: checking for i586-poky-linux-gcc  -m32 -march=i586 --sysroot=/opt/iot-devkit/1.5.1/yocto/sysroots/i586-poky-linux option to produce PIC
configure:8031: result: -fPIC -DPIC
configure:8039: checking if i586-poky-linux-gcc  -m32 -march=i586 --sysroot=/opt/iot-devkit/1.5.1/yocto/sysroots/i586-poky-linux PIC flag -fPIC -DPIC works
configure:8057: i586-poky-linux-gcc  -m32 -march=i586 --sysroot=/opt/iot-devkit/1.5.1/yocto/sysroots/i586-poky-linux -c  -g -O0  --sysroot=/opt/iot-devkit/1.5.1/yocto/sysroots/i586-poky-linux  --sysroot=/opt/iot-devkit/1.5.1/yocto/sysroots/i586-poky-linux -fPIC -DPIC -DPIC conftest.c >&5
configure:8061: $? = 0
configure:8074: result: yes
configure:8103: checking if i586-poky-linux-gcc  -m32 -march=i586 --sysroot=/opt/iot-devkit/1.5.1/yocto/sysroots/i586-poky-linux static flag -static works
configure:8131: result: no
configure:8146: checking if i586-poky-linux-gcc  -m32 -march=i586 --sysroot=/opt/iot-devkit/1.5.1/yocto/sysroots/i586-poky-linux supports -c -o file.o
configure:8167: i586-poky-linux-gcc  -m32 -march=i586 --sysroot=/opt/iot-devkit/1.5.1/yocto/sysroots/i586-poky-linux -c  -g -O0  --sysroot=/opt/iot-devkit/1.5.1/yocto/sysroots/i586-poky-linux  --sysroot=/opt/iot-devkit/1.5.1/yocto/sysroots/i586-poky-linux -o out/conftest2.o conftest.c >&5
configure:8171: $? = 0
configure:8193: result: yes
configure:8201: checking if i586-poky-linux-gcc  -m32 -march=i586 --sysroot=/opt/iot-devkit/1.5.1/yocto/sysroots/i586-poky-linux supports -c -o file.o
configure:8248: result: yes
configure:8281: checking whether the i586-poky-linux-gcc  -m32 -march=i586 --sysroot=/opt/iot-devkit/1.5.1/yocto/sysroots/i586-poky-linux linker (i586-poky-linux-ld   --sysroot=/opt/iot-devkit/1.5.1/yocto/sysroots/i586-poky-linux) supports shared libraries
configure:9434: result: yes
configure:9471: checking whether -lc should be explicitly linked in
configure:9479: i586-poky-linux-gcc  -m32 -march=i586 --sysroot=/opt/iot-devkit/1.5.1/yocto/sysroots/i586-poky-linux -c  -g -O0  --sysroot=/opt/iot-devkit/1.5.1/yocto/sysroots/i586-poky-linux  --sysroot=/opt/iot-devkit/1.5.1/yocto/sysroots/i586-poky-linux conftest.c >&5
configure:9482: $? = 0
configure:9497: i586-poky-linux-gcc  -m32 -march=i586 --sysroot=/opt/iot-devkit/1.5.1/yocto/sysroots/i586-poky-linux -shared  -fPIC -DPIC conftest.o  -v -Wl,-soname -Wl,conftest -o conftest 2\>\&1 \| /bin/grep  -lc  \>/dev/null 2\>\&1
configure:9500: $? = 0
configure:9514: result: no
configure:9674: checking dynamic linker characteristics
configure:10185: i586-poky-linux-gcc  -m32 -march=i586 --sysroot=/opt/iot-devkit/1.5.1/yocto/sysroots/i586-poky-linux -o conftest  -g -O0  --sysroot=/opt/iot-devkit/1.5.1/yocto/sysroots/i586-poky-linux  --sysroot=/opt/iot-devkit/1.5.1/yocto/sysroots/i586-poky-linux  --sysroot=/opt/iot-devkit/1.5.1/yocto/sysroots/i586-poky-linux -Wl,-rpath -Wl,/foo conftest.c  >&5
configure:10185: $? = 0
configure:10407: result: GNU/Linux ld.so
configure:10514: checking how to hardcode library paths into programs
configure:10539: result: immediate
configure:11079: checking whether stripping libraries is possible
configure:11084: result: yes
configure:11119: checking if libtool supports shared libraries
configure:11121: result: yes
configure:11124: checking whether to build shared libraries
configure:11145: result: yes
configure:11148: checking whether to build static libraries
configure:11152: result: yes
configure:11190: checking whether i586-poky-linux-gcc  -m32 -march=i586 --sysroot=/opt/iot-devkit/1.5.1/yocto/sysroots/i586-poky-linux and cc understand -c and -o together
configure:11221: i586-poky-linux-gcc  -m32 -march=i586 --sysroot=/opt/iot-devkit/1.5.1/yocto/sysroots/i586-poky-linux -c conftest.c -o conftest2.o >&5
configure:11225: $? = 0
configure:11231: i586-poky-linux-gcc  -m32 -march=i586 --sysroot=/opt/iot-devkit/1.5.1/yocto/sysroots/i586-poky-linux -c conftest.c -o conftest2.o >&5
configure:11235: $? = 0
configure:11246: cc -c conftest.c >&5
configure:11250: $? = 0
configure:11258: cc -c conftest.c -o conftest2.o >&5
configure:11262: $? = 0
configure:11268: cc -c conftest.c -o conftest2.o >&5
configure:11272: $? = 0
configure:11290: result: yes
configure:11431: checking that generated files are newer than configure
configure:11437: result: done
configure:11460: creating ./config.status

## ---------------------- ##
## Running config.status. ##
## ---------------------- ##

This file was extended by mashery config.status 0.1.0, which was
generated by GNU Autoconf 2.69.  Invocation command line was

  CONFIG_FILES    = 
  CONFIG_HEADERS  = 
  CONFIG_LINKS    = 
  CONFIG_COMMANDS = 
  $ ./config.status 

on debian

config.status:1079: creating Makefile
config.status:1079: creating src/Makefile
config.status:1079: creating config.h
config.status:1308: executing depfiles commands
config.status:1308: executing libtool commands

## ---------------- ##
## Cache variables. ##
## ---------------- ##

ac_cv_build=i586-pc-linux-gnu
ac_cv_c_compiler_gnu=yes
ac_cv_env_CC_set=set
ac_cv_env_CC_value='i586-poky-linux-gcc  -m32 -march=i586 --sysroot=/opt/iot-devkit/1.5.1/yocto/sysroots/i586-poky-linux'
ac_cv_env_CFLAGS_set=set
ac_cv_env_CFLAGS_value=' -g -O0  --sysroot=/opt/iot-devkit/1.5.1/yocto/sysroots/i586-poky-linux'
ac_cv_env_CPPFLAGS_set=set
ac_cv_env_CPPFLAGS_value=' --sysroot=/opt/iot-devkit/1.5.1/yocto/sysroots/i586-poky-linux'
ac_cv_env_CPP_set=set
ac_cv_env_CPP_value='i586-poky-linux-gcc -E  -m32 -march=i586 --sysroot=/opt/iot-devkit/1.5.1/yocto/sysroots/i586-poky-linux'
ac_cv_env_LDFLAGS_set=set
ac_cv_env_LDFLAGS_value=' --sysroot=/opt/iot-devkit/1.5.1/yocto/sysroots/i586-poky-linux'
ac_cv_env_LIBS_set=
ac_cv_env_LIBS_value=
ac_cv_env_build_alias_set=set
ac_cv_env_build_alias_value=i586-linux
ac_cv_env_host_alias_set=set
ac_cv_env_host_alias_value=i586-poky-linux
ac_cv_env_target_alias_set=set
ac_cv_env_target_alias_value=i586-poky-linux
ac_cv_header_dlfcn_h=yes
ac_cv_header_inttypes_h=yes
ac_cv_header_memory_h=yes
ac_cv_header_stdc=yes
ac_cv_header_stdint_h=yes
ac_cv_header_stdlib_h=yes
ac_cv_header_string_h=yes
ac_cv_header_strings_h=yes
ac_cv_header_sys_stat_h=yes
ac_cv_header_sys_types_h=yes
ac_cv_header_unistd_h=yes
ac_cv_host=i586-poky-linux-gnu
ac_cv_objext=o
ac_cv_path_EGREP='/bin/grep -E'
ac_cv_path_FGREP='/bin/grep -F'
ac_cv_path_GREP=/bin/grep
ac_cv_path_SED=/bin/sed
ac_cv_path_install='/usr/bin/install -c'
ac_cv_path_mkdir=/bin/mkdir
ac_cv_prog_AR=i586-poky-linux-ar
ac_cv_prog_AWK=gawk
ac_cv_prog_CC='i586-poky-linux-gcc  -m32 -march=i586 --sysroot=/opt/iot-devkit/1.5.1/yocto/sysroots/i586-poky-linux'
ac_cv_prog_CPP='i586-poky-linux-gcc -E  -m32 -march=i586 --sysroot=/opt/iot-devkit/1.5.1/yocto/sysroots/i586-poky-linux'
ac_cv_prog_OBJDUMP=i586-poky-linux-objdump
ac_cv_prog_RANLIB=i586-poky-linux-ranlib
ac_cv_prog_STRIP=i586-poky-linux-strip
ac_cv_prog_ac_ct_MANIFEST_TOOL=mt
ac_cv_prog_cc_c89=
ac_cv_prog_cc_g=yes
ac_cv_prog_cc_i586_poky_linux_gcc_c_o=yes
ac_cv_prog_make_make_set=yes
am_cv_CC_dependencies_compiler_type=gcc3
lt_cv_ar_at_file=@
lt_cv_archive_cmds_need_lc=no
lt_cv_deplibs_check_method=pass_all
lt_cv_file_magic_cmd='$MAGIC_CMD'
lt_cv_file_magic_test_file=
lt_cv_ld_reload_flag=-r
lt_cv_nm_interface='BSD nm'
lt_cv_objdir=.libs
lt_cv_path_LD='i586-poky-linux-ld   --sysroot=/opt/iot-devkit/1.5.1/yocto/sysroots/i586-poky-linux'
lt_cv_path_NM=i586-poky-linux-nm
lt_cv_path_mainfest_tool=no
lt_cv_prog_compiler_c_o=yes
lt_cv_prog_compiler_pic='-fPIC -DPIC'
lt_cv_prog_compiler_pic_works=yes
lt_cv_prog_compiler_rtti_exceptions=no
lt_cv_prog_compiler_static_works=no
lt_cv_prog_gnu_ld=yes
lt_cv_sharedlib_from_linklib_cmd='printf %s\n'
lt_cv_shlibpath_overrides_runpath=no
lt_cv_sys_global_symbol_pipe='sed -n -e '\''s/^.*[	 ]\([ABCDGIRSTW][ABCDGIRSTW]*\)[	 ][	 ]*\([_A-Za-z][_A-Za-z0-9]*\)$/\1 \2 \2/p'\'' | sed '\''/ __gnu_lto/d'\'''
lt_cv_sys_global_symbol_to_c_name_address='sed -n -e '\''s/^: \([^ ]*\)[ ]*$/  {\"\1\", (void *) 0},/p'\'' -e '\''s/^[ABCDGIRSTW]* \([^ ]*\) \([^ ]*\)$/  {"\2", (void *) \&\2},/p'\'''
lt_cv_sys_global_symbol_to_c_name_address_lib_prefix='sed -n -e '\''s/^: \([^ ]*\)[ ]*$/  {\"\1\", (void *) 0},/p'\'' -e '\''s/^[ABCDGIRSTW]* \([^ ]*\) \(lib[^ ]*\)$/  {"\2", (void *) \&\2},/p'\'' -e '\''s/^[ABCDGIRSTW]* \([^ ]*\) \([^ ]*\)$/  {"lib\2", (void *) \&\2},/p'\'''
lt_cv_sys_global_symbol_to_cdecl='sed -n -e '\''s/^T .* \(.*\)$/extern int \1();/p'\'' -e '\''s/^[ABCDGIRSTW]* .* \(.*\)$/extern char \1;/p'\'''
lt_cv_sys_max_cmd_len=1572864
lt_cv_to_host_file_cmd=func_convert_file_noop
lt_cv_to_tool_file_cmd=func_convert_file_noop

## ----------------- ##
## Output variables. ##
## ----------------- ##

ACLOCAL='${SHELL} /home/user/workspace/mashery/missing --run aclocal-1.12'
AMDEPBACKSLASH='\'
AMDEP_FALSE='#'
AMDEP_TRUE=''
AMTAR='$${TAR-tar}'
AR='i586-poky-linux-ar'
AUTOCONF='${SHELL} /home/user/workspace/mashery/missing --run autoconf'
AUTOHEADER='${SHELL} /home/user/workspace/mashery/missing --run autoheader'
AUTOMAKE='${SHELL} /home/user/workspace/mashery/missing --run automake-1.12'
AWK='gawk'
CC='i586-poky-linux-gcc  -m32 -march=i586 --sysroot=/opt/iot-devkit/1.5.1/yocto/sysroots/i586-poky-linux'
CCDEPMODE='depmode=gcc3'
CFLAGS=' -g -O0  --sysroot=/opt/iot-devkit/1.5.1/yocto/sysroots/i586-poky-linux'
CPP='i586-poky-linux-gcc -E  -m32 -march=i586 --sysroot=/opt/iot-devkit/1.5.1/yocto/sysroots/i586-poky-linux'
CPPFLAGS=' --sysroot=/opt/iot-devkit/1.5.1/yocto/sysroots/i586-poky-linux'
CYGPATH_W='echo'
DEFS='-DHAVE_CONFIG_H'
DEPDIR='.deps'
DLLTOOL='false'
DSYMUTIL=''
DUMPBIN=''
ECHO_C=''
ECHO_N='-n'
ECHO_T=''
EGREP='/bin/grep -E'
EXEEXT=''
FGREP='/bin/grep -F'
GREP='/bin/grep'
INSTALL_DATA='${INSTALL} -m 644'
INSTALL_PROGRAM='${INSTALL}'
INSTALL_SCRIPT='${INSTALL}'
INSTALL_STRIP_PROGRAM='$(install_sh) -c -s'
LD='i586-poky-linux-ld   --sysroot=/opt/iot-devkit/1.5.1/yocto/sysroots/i586-poky-linux'
LDFLAGS=' --sysroot=/opt/iot-devkit/1.5.1/yocto/sysroots/i586-poky-linux'
LIBOBJS=''
LIBS=''
LIBTOOL='$(top_builddir)/i586-poky-linux-libtool'
LIPO=''
LN_S='ln -s'
LTLIBOBJS=''
MAKEINFO='${SHELL} /home/user/workspace/mashery/missing --run makeinfo'
MANIFEST_TOOL=':'
MKDIR_P='/bin/mkdir -p'
NM='i586-poky-linux-nm'
NMEDIT=''
OBJDUMP='i586-poky-linux-objdump'
OBJEXT='o'
OTOOL64=''
OTOOL=''
PACKAGE='mashery'
PACKAGE_BUGREPORT=''
PACKAGE_NAME='mashery'
PACKAGE_STRING='mashery 0.1.0'
PACKAGE_TARNAME='mashery'
PACKAGE_URL=''
PACKAGE_VERSION='0.1.0'
PATH_SEPARATOR=':'
RANLIB='i586-poky-linux-ranlib'
SED='/bin/sed'
SET_MAKE=''
SHELL='/bin/bash'
STRIP='i586-poky-linux-strip'
VERSION='0.1.0'
ac_ct_AR=''
ac_ct_CC=''
ac_ct_DUMPBIN=''
am__EXEEXT_FALSE=''
am__EXEEXT_TRUE='#'
am__fastdepCC_FALSE='#'
am__fastdepCC_TRUE=''
am__include='include'
am__isrc=''
am__leading_dot='.'
am__nodep='_no'
am__quote=''
am__tar='$${TAR-tar} chof - "$$tardir"'
am__untar='$${TAR-tar} xf -'
bindir='${exec_prefix}/bin'
build='i586-pc-linux-gnu'
build_alias='i586-linux'
build_cpu='i586'
build_os='linux-gnu'
build_vendor='pc'
datadir='${datarootdir}'
datarootdir='${prefix}/share'
docdir='${datarootdir}/doc/${PACKAGE_TARNAME}'
dvidir='${docdir}'
exec_prefix='${prefix}'
host='i586-poky-linux-gnu'
host_alias='i586-poky-linux'
host_cpu='i586'
host_os='linux-gnu'
host_vendor='poky'
htmldir='${docdir}'
includedir='${prefix}/include'
infodir='${datarootdir}/info'
install_sh='${SHELL} /home/user/workspace/mashery/install-sh'
libdir='${exec_prefix}/lib'
libexecdir='${exec_prefix}/libexec'
localedir='${datarootdir}/locale'
localstatedir='${prefix}/var'
mandir='${datarootdir}/man'
mashery_CFLAGS=''
mashery_LIBS=''
mkdir_p='$(MKDIR_P)'
oldincludedir='/usr/include'
pdfdir='${docdir}'
prefix='/usr/local'
program_transform_name='s,x,x,'
psdir='${docdir}'
sbindir='${exec_prefix}/sbin'
sharedstatedir='${prefix}/com'
sysconfdir='${prefix}/etc'
target_alias='i586-poky-linux'

## ----------- ##
## confdefs.h. ##
## ----------- ##

/* confdefs.h */
#define PACKAGE_NAME "mashery"
#define PACKAGE_TARNAME "mashery"
#define PACKAGE_VERSION "0.1.0"
#define PACKAGE_STRING "mashery 0.1.0"
#define PACKAGE_BUGREPORT ""
#define PACKAGE_URL ""
#define PACKAGE "mashery"
#define VERSION "0.1.0"
#define STDC_HEADERS 1
#define HAVE_SYS_TYPES_H 1
#define HAVE_SYS_STAT_H 1
#define HAVE_STDLIB_H 1
#define HAVE_STRING_H 1
#define HAVE_MEMORY_H 1
#define HAVE_STRINGS_H 1
#define HAVE_INTTYPES_H 1
#define HAVE_STDINT_H 1
#define HAVE_UNISTD_H 1
#define HAVE_DLFCN_H 1
#define LT_OBJDIR ".libs/"

configure: exit 0
